<?xml version="1.0" encoding="UTF-8"?>
<testng-results ignored="0" total="4" passed="3" failed="1" skipped="0">
  <reporter-output>
  </reporter-output>
  <suite started-at="2023-06-24T08:47:05 CST" name="Default suite" finished-at="2023-06-24T08:47:41 CST" duration-ms="35347">
    <groups>
    </groups>
    <test started-at="2023-06-24T08:47:05 CST" name="Default test" finished-at="2023-06-24T08:47:41 CST" duration-ms="35347">
      <class name="ItEdgeProjectIn1Maven.ItEdgeProjectIn1Maven_ArtifactID.TDMortgageUnderTest">
        <test-method is-config="true" signature="beforeTest()[pri:0, instance:ItEdgeProjectIn1Maven.ItEdgeProjectIn1Maven_ArtifactID.TDMortgageUnderTest@6c80d78a]" started-at="2023-06-24T08:47:05 CST" name="beforeTest" finished-at="2023-06-24T08:47:13 CST" duration-ms="8236" status="PASS">
          <reporter-output>
          </reporter-output>
        </test-method> <!-- beforeTest -->
        <test-method signature="test1_goingToTestPage()[pri:0, instance:ItEdgeProjectIn1Maven.ItEdgeProjectIn1Maven_ArtifactID.TDMortgageUnderTest@6c80d78a]" started-at="2023-06-24T08:47:14 CST" name="test1_goingToTestPage" finished-at="2023-06-24T08:47:17 CST" duration-ms="3673" status="PASS">
          <reporter-output>
          </reporter-output>
        </test-method> <!-- test1_goingToTestPage -->
        <test-method signature="test2_clickingOnCategory1AndClosing()[pri:0, instance:ItEdgeProjectIn1Maven.ItEdgeProjectIn1Maven_ArtifactID.TDMortgageUnderTest@6c80d78a]" started-at="2023-06-24T08:47:17 CST" name="test2_clickingOnCategory1AndClosing" finished-at="2023-06-24T08:47:23 CST" duration-ms="6114" status="FAIL">
          <exception class="org.openqa.selenium.NoSuchElementException">
            <message>
              <![CDATA[Unable to locate element: //button[@id='close-tooltip']
For documentation on this error, please visit: https://selenium.dev/exceptions/#no_such_element
Build info: version: '4.9.1', revision: 'eb2032df7f'
System info: os.name: 'Windows 10', os.arch: 'amd64', os.version: '10.0', java.version: '16.0.2'
Driver info: org.openqa.selenium.firefox.FirefoxDriver
Command: [3257c3a0-8ce4-428b-be97-5c163337bef9, findElement {using=xpath, value=//button[@id='close-tooltip']}]
Capabilities {acceptInsecureCerts: true, browserName: firefox, browserVersion: 114.0.2, moz:accessibilityChecks: false, moz:buildID: 20230619081400, moz:debuggerAddress: 127.0.0.1:38785, moz:geckodriverVersion: 0.33.0, moz:headless: false, moz:platformVersion: 10.0, moz:processID: 25640, moz:profile: C:\Users\rizwa\AppData\Loca..., moz:shutdownTimeout: 60000, moz:useNonSpecCompliantPointerOrigin: false, moz:webdriverClick: true, moz:windowless: false, pageLoadStrategy: normal, platformName: windows, proxy: Proxy(), se:cdp: ws://127.0.0.1:38785/devtoo..., se:cdpVersion: 85.0, setWindowRect: true, strictFileInteractability: false, timeouts: {implicit: 0, pageLoad: 300000, script: 30000}, unhandledPromptBehavior: dismiss and notify}
Session ID: 3257c3a0-8ce4-428b-be97-5c163337bef9]]>
            </message>
            <full-stacktrace>
              <![CDATA[org.openqa.selenium.NoSuchElementException: Unable to locate element: //button[@id='close-tooltip']
For documentation on this error, please visit: https://selenium.dev/exceptions/#no_such_element
Build info: version: '4.9.1', revision: 'eb2032df7f'
System info: os.name: 'Windows 10', os.arch: 'amd64', os.version: '10.0', java.version: '16.0.2'
Driver info: org.openqa.selenium.firefox.FirefoxDriver
Command: [3257c3a0-8ce4-428b-be97-5c163337bef9, findElement {using=xpath, value=//button[@id='close-tooltip']}]
Capabilities {acceptInsecureCerts: true, browserName: firefox, browserVersion: 114.0.2, moz:accessibilityChecks: false, moz:buildID: 20230619081400, moz:debuggerAddress: 127.0.0.1:38785, moz:geckodriverVersion: 0.33.0, moz:headless: false, moz:platformVersion: 10.0, moz:processID: 25640, moz:profile: C:\Users\rizwa\AppData\Loca..., moz:shutdownTimeout: 60000, moz:useNonSpecCompliantPointerOrigin: false, moz:webdriverClick: true, moz:windowless: false, pageLoadStrategy: normal, platformName: windows, proxy: Proxy(), se:cdp: ws://127.0.0.1:38785/devtoo..., se:cdpVersion: 85.0, setWindowRect: true, strictFileInteractability: false, timeouts: {implicit: 0, pageLoad: 300000, script: 30000}, unhandledPromptBehavior: dismiss and notify}
Session ID: 3257c3a0-8ce4-428b-be97-5c163337bef9
at java.base/jdk.internal.reflect.NativeConstructorAccessorImpl.newInstance0(Native Method)
at java.base/jdk.internal.reflect.NativeConstructorAccessorImpl.newInstance(NativeConstructorAccessorImpl.java:78)
at java.base/jdk.internal.reflect.DelegatingConstructorAccessorImpl.newInstance(DelegatingConstructorAccessorImpl.java:45)
at java.base/java.lang.reflect.Constructor.newInstanceWithCaller(Constructor.java:499)
at java.base/java.lang.reflect.Constructor.newInstance(Constructor.java:480)
at org.openqa.selenium.remote.codec.w3c.W3CHttpResponseCodec.createException(W3CHttpResponseCodec.java:200)
at org.openqa.selenium.remote.codec.w3c.W3CHttpResponseCodec.decode(W3CHttpResponseCodec.java:133)
at org.openqa.selenium.remote.codec.w3c.W3CHttpResponseCodec.decode(W3CHttpResponseCodec.java:53)
at org.openqa.selenium.remote.HttpCommandExecutor.execute(HttpCommandExecutor.java:193)
at org.openqa.selenium.remote.service.DriverCommandExecutor.invokeExecute(DriverCommandExecutor.java:183)
at org.openqa.selenium.remote.service.DriverCommandExecutor.execute(DriverCommandExecutor.java:158)
at org.openqa.selenium.remote.RemoteWebDriver.execute(RemoteWebDriver.java:543)
at org.openqa.selenium.remote.ElementLocation$ElementFinder$2.findElement(ElementLocation.java:162)
at org.openqa.selenium.remote.ElementLocation.findElement(ElementLocation.java:60)
at org.openqa.selenium.remote.RemoteWebDriver.findElement(RemoteWebDriver.java:352)
at org.openqa.selenium.remote.RemoteWebDriver.findElement(RemoteWebDriver.java:344)
at org.openqa.selenium.support.pagefactory.DefaultElementLocator.findElement(DefaultElementLocator.java:70)
at org.openqa.selenium.support.pagefactory.internal.LocatingElementHandler.invoke(LocatingElementHandler.java:39)
at jdk.proxy2/jdk.proxy2.$Proxy16.click(Unknown Source)
at ItEdgeProjectIn1Maven.ItEdgeProjectIn1Maven_ArtifactID.TdClientMortgagePreApproval.clickAndCloseCategory1(TdClientMortgagePreApproval.java:74)
at ItEdgeProjectIn1Maven.ItEdgeProjectIn1Maven_ArtifactID.TDMortgageUnderTest.test2_clickingOnCategory1AndClosing(TDMortgageUnderTest.java:26)
at java.base/jdk.internal.reflect.NativeMethodAccessorImpl.invoke0(Native Method)
at java.base/jdk.internal.reflect.NativeMethodAccessorImpl.invoke(NativeMethodAccessorImpl.java:78)
at java.base/jdk.internal.reflect.DelegatingMethodAccessorImpl.invoke(DelegatingMethodAccessorImpl.java:43)
at java.base/java.lang.reflect.Method.invoke(Method.java:567)
at org.testng.internal.MethodInvocationHelper.invokeMethod(MethodInvocationHelper.java:133)
at org.testng.internal.TestInvoker.invokeMethod(TestInvoker.java:598)
at org.testng.internal.TestInvoker.invokeTestMethod(TestInvoker.java:173)
at org.testng.internal.MethodRunner.runInSequence(MethodRunner.java:46)
at org.testng.internal.TestInvoker$MethodInvocationAgent.invoke(TestInvoker.java:824)
at org.testng.internal.TestInvoker.invokeTestMethods(TestInvoker.java:146)
at org.testng.internal.TestMethodWorker.invokeTestMethods(TestMethodWorker.java:146)
at org.testng.internal.TestMethodWorker.run(TestMethodWorker.java:128)
at java.base/java.util.ArrayList.forEach(ArrayList.java:1511)
at org.testng.TestRunner.privateRun(TestRunner.java:794)
at org.testng.TestRunner.run(TestRunner.java:596)
at org.testng.SuiteRunner.runTest(SuiteRunner.java:377)
at org.testng.SuiteRunner.runSequentially(SuiteRunner.java:371)
at org.testng.SuiteRunner.privateRun(SuiteRunner.java:332)
at org.testng.SuiteRunner.run(SuiteRunner.java:276)
at org.testng.SuiteRunnerWorker.runSuite(SuiteRunnerWorker.java:53)
at org.testng.SuiteRunnerWorker.run(SuiteRunnerWorker.java:96)
at org.testng.TestNG.runSuitesSequentially(TestNG.java:1212)
at org.testng.TestNG.runSuitesLocally(TestNG.java:1134)
at org.testng.TestNG.runSuites(TestNG.java:1063)
at org.testng.TestNG.run(TestNG.java:1031)
at org.testng.remote.AbstractRemoteTestNG.run(AbstractRemoteTestNG.java:115)
at org.testng.remote.RemoteTestNG.initAndRun(RemoteTestNG.java:251)
at org.testng.remote.RemoteTestNG.main(RemoteTestNG.java:77)
]]>
            </full-stacktrace>
          </exception> <!-- org.openqa.selenium.NoSuchElementException -->
          <reporter-output>
          </reporter-output>
        </test-method> <!-- test2_clickingOnCategory1AndClosing -->
        <test-method signature="test3_clickingOnCategory2AndClosing()[pri:0, instance:ItEdgeProjectIn1Maven.ItEdgeProjectIn1Maven_ArtifactID.TDMortgageUnderTest@6c80d78a]" started-at="2023-06-24T08:47:23 CST" name="test3_clickingOnCategory2AndClosing" finished-at="2023-06-24T08:47:26 CST" duration-ms="2621" status="PASS">
          <reporter-output>
          </reporter-output>
        </test-method> <!-- test3_clickingOnCategory2AndClosing -->
        <test-method signature="test4_clickingOnCategory3AndClosing()[pri:0, instance:ItEdgeProjectIn1Maven.ItEdgeProjectIn1Maven_ArtifactID.TDMortgageUnderTest@6c80d78a]" started-at="2023-06-24T08:47:26 CST" name="test4_clickingOnCategory3AndClosing" finished-at="2023-06-24T08:47:28 CST" duration-ms="2540" status="PASS">
          <reporter-output>
          </reporter-output>
        </test-method> <!-- test4_clickingOnCategory3AndClosing -->
        <test-method is-config="true" signature="afterTest()[pri:0, instance:ItEdgeProjectIn1Maven.ItEdgeProjectIn1Maven_ArtifactID.TDMortgageUnderTest@6c80d78a]" started-at="2023-06-24T08:47:28 CST" name="afterTest" finished-at="2023-06-24T08:47:41 CST" duration-ms="12078" status="PASS">
          <reporter-output>
          </reporter-output>
        </test-method> <!-- afterTest -->
      </class> <!-- ItEdgeProjectIn1Maven.ItEdgeProjectIn1Maven_ArtifactID.TDMortgageUnderTest -->
    </test> <!-- Default test -->
  </suite> <!-- Default suite -->
</testng-results>
